<?xml version="1.0" encoding="UTF-8"?>
<!-- Generated by org.testng.reporters.JUnitXMLReporter -->
<testsuite ignored="1" hostname="PNQNB0075" failures="0" tests="3" name="Default test" time="0.053" errors="0" timestamp="2024-08-06T14:02:55 IST">
  <testcase classname="testNGstudy.keywords" name="f1" time="0.007"/>
  <testcase classname="testNGstudy.keywords" name="f2" time="0.0"/>
  <testcase classname="testNGstudy.keywords" name="f" time="0.001"/>
  <testcase classname="testNGstudy.keywords" name="f4" time="0.0">
    <ignored/>
  </testcase> <!-- f4 -->
</testsuite> <!-- Default test -->
