<?xml version="1.0" encoding="UTF-8"?>
<!-- Generated by org.testng.reporters.JUnitXMLReporter -->
<testsuite ignored="1" hostname="PNQNB0075" failures="0" tests="3" name="TestSuites2" time="0.076" errors="0" timestamp="2024-07-21T01:23:41 IST">
  <testcase classname="testNGstudy.TestNGSuite2" name="e" time="0.01"/>
  <testcase classname="testNGstudy.TestNGSuite2" name="f" time="0.001"/>
  <testcase classname="testNGstudy.TestNGSuite2" name="g" time="0.001"/>
  <testcase classname="testNGstudy.TestNGSuite2" name="h" time="0.0">
    <ignored/>
  </testcase> <!-- h -->
</testsuite> <!-- TestSuites2 -->
