<?xml version="1.0" encoding="UTF-8"?>
<testng-results ignored="0" total="2" passed="2" failed="0" skipped="0">
  <reporter-output>
  </reporter-output>
  <suite started-at="2024-08-08T20:47:02 IST" name="Suite" finished-at="2024-08-08T20:47:07 IST" duration-ms="4762">
    <groups>
    </groups>
    <test started-at="2024-08-08T20:47:02 IST" name="FBTest" finished-at="2024-08-08T20:47:07 IST" duration-ms="4371">
      <class name="testNGstudy.Facebook">
        <test-method signature="f()[pri:0, instance:testNGstudy.Facebook@4c60d6e9]" started-at="2024-08-08T20:47:02 IST" name="f" finished-at="2024-08-08T20:47:07 IST" duration-ms="4295" status="PASS">
          <reporter-output>
          </reporter-output>
        </test-method> <!-- f -->
      </class> <!-- testNGstudy.Facebook -->
    </test> <!-- FBTest -->
    <test started-at="2024-08-08T20:47:02 IST" name="RBTest" finished-at="2024-08-08T20:47:07 IST" duration-ms="4762">
      <class name="testNGstudy.Redbus">
        <test-method signature="f()[pri:0, instance:testNGstudy.Redbus@6c4906d3]" started-at="2024-08-08T20:47:02 IST" name="f" finished-at="2024-08-08T20:47:07 IST" duration-ms="4697" status="PASS">
          <reporter-output>
          </reporter-output>
        </test-method> <!-- f -->
      </class> <!-- testNGstudy.Redbus -->
    </test> <!-- RBTest -->
  </suite> <!-- Suite -->
</testng-results>
